<?xml version="1.0" encoding="UTF-8"?>
<!-- Generated by org.testng.reporters.JUnitReportReporter -->
<testsuite hostname="Jeeya" failures="0" tests="1" name="basic_programs.Excel_Test" time="111.252" errors="0" timestamp="2023-09-30T15:46:56 IST" skipped="0">
  <testcase classname="basic_programs.Excel_Test" name="actitime" time="111.252"/>
  <system-out/>
</testsuite> <!-- basic_programs.Excel_Test -->
