<?xml version="1.0" encoding="UTF-8"?>
<!-- Generated by org.testng.reporters.JUnitReportReporter -->
<testsuite hostname="Jeeya" failures="0" tests="1" name="selenium.Screen_shot" time="6.757" errors="0" timestamp="2023-09-16T17:24:40 IST" skipped="0">
  <testcase classname="selenium.Screen_shot" name="screenShot" time="6.757"/>
  <system-out/>
</testsuite> <!-- selenium.Screen_shot -->
