<?xml version="1.0" encoding="UTF-8"?>
<!-- Generated by org.testng.reporters.JUnitReportReporter -->
<testsuite hostname="Jeeya" failures="0" tests="2" name="basic_programs.Source" time="22.608" errors="0" timestamp="2023-11-07T20:37:03 IST" skipped="0">
  <testcase classname="basic_programs.Source" name="pageSource" time="11.485"/>
  <system-out/>
  <testcase classname="basic_programs.Source" name="pageSource" time="11.123"/>
  <system-out/>
</testsuite> <!-- basic_programs.Source -->
