<?xml version="1.0" encoding="UTF-8"?>
<!-- Generated by org.testng.reporters.JUnitReportReporter -->
<testsuite hostname="Jeeya" failures="0" tests="1" name="basic_programs.Navigate" time="15.187" errors="0" timestamp="2023-11-08T09:54:31 IST" skipped="0">
  <testcase classname="basic_programs.Navigate" name="navigation" time="15.187"/>
  <system-out/>
</testsuite> <!-- basic_programs.Navigate -->
